Compilación iniciada a las 14/04/2018 07:05:42 p.m..
     1>Proyecto "C:\Users\Niko\Documents\Visual Studio 2013\Projects\SamurayX\SamurayX\SamurayX.vcxproj" en el nodo 2 (Rebuild destinos).
     1>ClCompile:
         D:\Visual Studio 2013\VC\bin\CL.exe /c /Zi /nologo /W3 /WX- /sdl /O2 /Oi /Oy- /GL /D WIN32 /D NDEBUG /D _WINDOWS /D _USRDLL /D SAMURAYX_EXPORTS /D _WINDLL /D _UNICODE /D UNICODE /Gm- /EHsc /MD /GS /Gy /fp:precise /Zc:wchar_t /Zc:forScope /Fo"Release\\" /Fd"Release\vc120.pdb" /Gd /TP /analyze- /errorReport:prompt ..\IW5Engine.cpp ..\main.cpp ..\Possesser.cpp ..\QMath.cpp ..\SamurayX.cpp
         IW5Engine.cpp
         main.cpp
         Possesser.cpp
         QMath.cpp
         SamurayX.cpp
       Link:
         D:\Visual Studio 2013\VC\bin\link.exe /ERRORREPORT:PROMPT /OUT:"C:\Users\Niko\Documents\Visual Studio 2013\Projects\SamurayX\Release\SamurayX.dll" /INCREMENTAL:NO /NOLOGO kernel32.lib user32.lib gdi32.lib winspool.lib comdlg32.lib advapi32.lib shell32.lib ole32.lib oleaut32.lib uuid.lib odbc32.lib odbccp32.lib /MANIFEST /MANIFESTUAC:"level='asInvoker' uiAccess='false'" /manifest:embed /DEBUG /PDB:"C:\Users\Niko\Documents\Visual Studio 2013\Projects\SamurayX\Release\SamurayX.pdb" /SUBSYSTEM:WINDOWS /OPT:REF /OPT:ICF /LTCG /TLBID:1 /DYNAMICBASE /NXCOMPAT /IMPLIB:"C:\Users\Niko\Documents\Visual Studio 2013\Projects\SamurayX\Release\SamurayX.lib" /MACHINE:X86 /SAFESEH /DLL Release\IW5Engine.obj
         Release\main.obj
         Release\Possesser.obj
         Release\QMath.obj
         Release\SamurayX.obj
         Generando código
         Generación de código finalizada
         SamurayX.vcxproj -> C:\Users\Niko\Documents\Visual Studio 2013\Projects\SamurayX\Release\SamurayX.dll
     1>Compilación del proyecto terminada "C:\Users\Niko\Documents\Visual Studio 2013\Projects\SamurayX\SamurayX\SamurayX.vcxproj" (Rebuild destinos).

Compilación correcta.

Tiempo transcurrido 00:00:09.48
